<?xml version="1.0" encoding="UTF-8"?>
<testng-results ignored="0" total="1" passed="1" failed="0" skipped="0">
  <reporter-output>
  </reporter-output>
  <suite started-at="2024-06-05T16:25:41 IST" name="Default suite" finished-at="2024-06-05T16:25:57 IST" duration-ms="16535">
    <groups>
    </groups>
    <test started-at="2024-06-05T16:25:41 IST" name="Default test" finished-at="2024-06-05T16:25:57 IST" duration-ms="16535">
      <class name="TestClass.LoginTest">
        <test-method is-config="true" signature="setup()[pri:0, instance:TestClass.LoginTest@7bba5817]" started-at="2024-06-05T16:25:41 IST" name="setup" finished-at="2024-06-05T16:25:49 IST" duration-ms="7997" status="PASS">
          <reporter-output>
          </reporter-output>
        </test-method> <!-- setup -->
        <test-method signature="testCase1()[pri:1, instance:TestClass.LoginTest@7bba5817]" started-at="2024-06-05T16:25:49 IST" name="testCase1" finished-at="2024-06-05T16:25:57 IST" duration-ms="8493" status="PASS">
          <reporter-output>
          </reporter-output>
        </test-method> <!-- testCase1 -->
      </class> <!-- TestClass.LoginTest -->
    </test> <!-- Default test -->
  </suite> <!-- Default suite -->
</testng-results>
